<?xml version="1.0" encoding="UTF-8"?>
<testng-results ignored="0" total="2" passed="2" failed="0" skipped="0">
  <reporter-output>
  </reporter-output>
  <suite started-at="2024-10-12T20:37:55 IST" name="Master Suite" finished-at="2024-10-12T20:38:01 IST" duration-ms="6011">
    <groups>
      <group name="Sanity">
        <method signature="TC001_AccountRegistrationTest.verifyAccountRegistartion()[pri:0, instance:testCases.TC001_AccountRegistrationTest@524f3b3a]" name="verifyAccountRegistartion" class="testCases.TC001_AccountRegistrationTest"/>
      </group> <!-- Sanity -->
      <group name="Regression">
        <method signature="TC001_AccountRegistrationTest.verifyAccountRegistartion()[pri:0, instance:testCases.TC001_AccountRegistrationTest@524f3b3a]" name="verifyAccountRegistartion" class="testCases.TC001_AccountRegistrationTest"/>
        <method signature="TC002_LoginTest.verifyLogin()[pri:0, instance:testCases.TC002_LoginTest@45312be2]" name="verifyLogin" class="testCases.TC002_LoginTest"/>
      </group> <!-- Regression -->
    </groups>
    <test started-at="2024-10-12T20:37:55 IST" name="Test" finished-at="2024-10-12T20:38:01 IST" duration-ms="6011">
      <class name="testCases.TC002_LoginTest">
        <test-method is-config="true" signature="setup(java.lang.String,java.lang.String)[pri:0, instance:testCases.TC002_LoginTest@45312be2]" started-at="2024-10-12T20:37:59 IST" name="setup" finished-at="2024-10-12T20:38:00 IST" duration-ms="1366" status="PASS">
          <params>
            <param index="0">
              <value>
                <![CDATA[windows]]>
              </value>
            </param>
            <param index="1">
              <value>
                <![CDATA[chrome]]>
              </value>
            </param>
          </params>
          <reporter-output>
          </reporter-output>
        </test-method> <!-- setup -->
        <test-method signature="verifyLogin()[pri:0, instance:testCases.TC002_LoginTest@45312be2]" started-at="2024-10-12T20:38:00 IST" name="verifyLogin" finished-at="2024-10-12T20:38:01 IST" duration-ms="1028" status="PASS">
          <reporter-output>
          </reporter-output>
        </test-method> <!-- verifyLogin -->
        <test-method is-config="true" signature="tearDown()[pri:0, instance:testCases.TC002_LoginTest@45312be2]" started-at="2024-10-12T20:38:01 IST" name="tearDown" finished-at="2024-10-12T20:38:01 IST" duration-ms="151" status="PASS">
          <reporter-output>
          </reporter-output>
        </test-method> <!-- tearDown -->
      </class> <!-- testCases.TC002_LoginTest -->
      <class name="testCases.TC001_AccountRegistrationTest">
        <test-method is-config="true" signature="setup(java.lang.String,java.lang.String)[pri:0, instance:testCases.TC001_AccountRegistrationTest@524f3b3a]" started-at="2024-10-12T20:37:56 IST" name="setup" finished-at="2024-10-12T20:37:57 IST" duration-ms="1784" status="PASS">
          <params>
            <param index="0">
              <value>
                <![CDATA[windows]]>
              </value>
            </param>
            <param index="1">
              <value>
                <![CDATA[chrome]]>
              </value>
            </param>
          </params>
          <reporter-output>
          </reporter-output>
        </test-method> <!-- setup -->
        <test-method signature="verifyAccountRegistartion()[pri:0, instance:testCases.TC001_AccountRegistrationTest@524f3b3a]" started-at="2024-10-12T20:37:57 IST" name="verifyAccountRegistartion" finished-at="2024-10-12T20:37:59 IST" duration-ms="1345" status="PASS">
          <reporter-output>
          </reporter-output>
        </test-method> <!-- verifyAccountRegistartion -->
        <test-method is-config="true" signature="tearDown()[pri:0, instance:testCases.TC001_AccountRegistrationTest@524f3b3a]" started-at="2024-10-12T20:37:59 IST" name="tearDown" finished-at="2024-10-12T20:37:59 IST" duration-ms="157" status="PASS">
          <reporter-output>
          </reporter-output>
        </test-method> <!-- tearDown -->
      </class> <!-- testCases.TC001_AccountRegistrationTest -->
    </test> <!-- Test -->
  </suite> <!-- Master Suite -->
</testng-results>
